<?xml version="1.0" encoding="UTF-8"?>
<testng-results skipped="0" failed="0" ignored="0" total="1" passed="1">
  <reporter-output>
  </reporter-output>
  <suite name="Suite" duration-ms="73480" started-at="2019-02-06T11:07:03Z" finished-at="2019-02-06T11:08:16Z">
    <groups>
    </groups>
    <test name="Test" duration-ms="73480" started-at="2019-02-06T11:07:03Z" finished-at="2019-02-06T11:08:16Z">
      <class name="firstTestNGPackage.SwitchWindowExample">
        <test-method status="PASS" signature="printChildWindowTitles()[pri:0, instance:firstTestNGPackage.SwitchWindowExample@1efea79]" name="printChildWindowTitles" duration-ms="72907" started-at="2019-02-06T11:07:03Z" finished-at="2019-02-06T11:08:16Z">
          <reporter-output>
          </reporter-output>
        </test-method> <!-- printChildWindowTitles -->
      </class> <!-- firstTestNGPackage.SwitchWindowExample -->
    </test> <!-- Test -->
  </suite> <!-- Suite -->
</testng-results>
